0 info it worked if it ends with ok
1 verbose cli [ 'node', '/usr/local/bin/npm', 'uninstall', 'gulp', '--save-dev' ]
2 info using npm@1.4.28
3 info using node@v0.10.33
4 verbose node_modules/gulp unbuild
5 info preuninstall gulp@3.8.10
6 info uninstall gulp@3.8.10
7 verbose true,/Users/charrington/Code/wordpress/wp-content/themes/dapper/node_modules,/Users/charrington/Code/wordpress/wp-content/themes/dapper/node_modules unbuild gulp@3.8.10
8 verbose /Users/charrington/Code/wordpress/wp-content/themes/dapper/node_modules/.bin,[object Object] binRoot
9 error Error: EACCES, unlink '/Users/charrington/Code/wordpress/wp-content/themes/dapper/node_modules/.bin/gulp'
9 error  { [Error: EACCES, unlink '/Users/charrington/Code/wordpress/wp-content/themes/dapper/node_modules/.bin/gulp']
9 error   errno: 3,
9 error   code: 'EACCES',
9 error   path: '/Users/charrington/Code/wordpress/wp-content/themes/dapper/node_modules/.bin/gulp' }
10 error Please try running this command again as root/Administrator.
11 error System Darwin 13.1.0
12 error command "node" "/usr/local/bin/npm" "uninstall" "gulp" "--save-dev"
13 error cwd /Users/charrington/Code/wordpress/wp-content/themes/dapper
14 error node -v v0.10.33
15 error npm -v 1.4.28
16 error path /Users/charrington/Code/wordpress/wp-content/themes/dapper/node_modules/.bin/gulp
17 error code EACCES
18 error errno 3
19 error stack Error: EACCES, unlink '/Users/charrington/Code/wordpress/wp-content/themes/dapper/node_modules/.bin/gulp'
20 verbose exit [ 3, true ]
